<?xml version="1.0" encoding="UTF-8"?>
<testsuite xmlns:xsi="http://www.w3.org/2001/XMLSchema-instance" xsi:noNamespaceSchemaLocation="https://maven.apache.org/surefire/maven-surefire-plugin/xsd/surefire-test-report-3.0.xsd" version="3.0" name="com.treizer.service.implementation.PlayerServiceTest" time="0.516" tests="13" errors="0" skipped="0" failures="0">
  <properties>
    <property name="java.specification.version" value="21"/>
    <property name="sun.cpu.isalist" value="amd64"/>
    <property name="sun.jnu.encoding" value="Cp1252"/>
    <property name="java.class.path" value="c:\Users\Usuario\Documents\Code\Java\23-Mockito\java-mockito\target\test-classes;c:\Users\Usuario\Documents\Code\Java\23-Mockito\java-mockito\target\classes;C:\Users\Usuario\.m2\repository\org\junit\jupiter\junit-jupiter-api\5.11.4\junit-jupiter-api-5.11.4.jar;C:\Users\Usuario\.m2\repository\org\opentest4j\opentest4j\1.3.0\opentest4j-1.3.0.jar;C:\Users\Usuario\.m2\repository\org\junit\platform\junit-platform-commons\1.11.4\junit-platform-commons-1.11.4.jar;C:\Users\Usuario\.m2\repository\org\apiguardian\apiguardian-api\1.1.2\apiguardian-api-1.1.2.jar;C:\Users\Usuario\.m2\repository\org\mockito\mockito-junit-jupiter\5.14.2\mockito-junit-jupiter-5.14.2.jar;C:\Users\Usuario\.m2\repository\org\mockito\mockito-core\5.14.2\mockito-core-5.14.2.jar;C:\Users\Usuario\.m2\repository\net\bytebuddy\byte-buddy\1.15.4\byte-buddy-1.15.4.jar;C:\Users\Usuario\.m2\repository\net\bytebuddy\byte-buddy-agent\1.15.4\byte-buddy-agent-1.15.4.jar;C:\Users\Usuario\.m2\repository\org\objenesis\objenesis\3.3\objenesis-3.3.jar;"/>
    <property name="java.vm.vendor" value="Eclipse Adoptium"/>
    <property name="sun.arch.data.model" value="64"/>
    <property name="user.variant" value=""/>
    <property name="java.vendor.url" value="https://adoptium.net/"/>
    <property name="user.timezone" value="America/Mexico_City"/>
    <property name="os.name" value="Windows 10"/>
    <property name="java.vm.specification.version" value="21"/>
    <property name="sun.java.launcher" value="SUN_STANDARD"/>
    <property name="user.country" value="MX"/>
    <property name="sun.boot.library.path" value="C:\Program Files\Java\jdk-21.0.3\bin"/>
    <property name="sun.java.command" value="C:\Users\Usuario\AppData\Local\Temp\surefire17954016106666563368\surefirebooter-20241230191908398_3.jar C:\Users\Usuario\AppData\Local\Temp\surefire17954016106666563368 2024-12-30T19-19-07_959-jvmRun1 surefire-20241230191908398_1tmp surefire_0-20241230191908398_2tmp"/>
    <property name="jdk.debug" value="release"/>
    <property name="surefire.test.class.path" value="c:\Users\Usuario\Documents\Code\Java\23-Mockito\java-mockito\target\test-classes;c:\Users\Usuario\Documents\Code\Java\23-Mockito\java-mockito\target\classes;C:\Users\Usuario\.m2\repository\org\junit\jupiter\junit-jupiter-api\5.11.4\junit-jupiter-api-5.11.4.jar;C:\Users\Usuario\.m2\repository\org\opentest4j\opentest4j\1.3.0\opentest4j-1.3.0.jar;C:\Users\Usuario\.m2\repository\org\junit\platform\junit-platform-commons\1.11.4\junit-platform-commons-1.11.4.jar;C:\Users\Usuario\.m2\repository\org\apiguardian\apiguardian-api\1.1.2\apiguardian-api-1.1.2.jar;C:\Users\Usuario\.m2\repository\org\mockito\mockito-junit-jupiter\5.14.2\mockito-junit-jupiter-5.14.2.jar;C:\Users\Usuario\.m2\repository\org\mockito\mockito-core\5.14.2\mockito-core-5.14.2.jar;C:\Users\Usuario\.m2\repository\net\bytebuddy\byte-buddy\1.15.4\byte-buddy-1.15.4.jar;C:\Users\Usuario\.m2\repository\net\bytebuddy\byte-buddy-agent\1.15.4\byte-buddy-agent-1.15.4.jar;C:\Users\Usuario\.m2\repository\org\objenesis\objenesis\3.3\objenesis-3.3.jar;"/>
    <property name="sun.cpu.endian" value="little"/>
    <property name="user.home" value="C:\Users\Usuario"/>
    <property name="user.language" value="es"/>
    <property name="java.specification.vendor" value="Oracle Corporation"/>
    <property name="java.version.date" value="2024-04-16"/>
    <property name="java.home" value="C:\Program Files\Java\jdk-21.0.3"/>
    <property name="file.separator" value="\"/>
    <property name="basedir" value="c:\Users\Usuario\Documents\Code\Java\23-Mockito\java-mockito"/>
    <property name="java.vm.compressedOopsMode" value="32-bit"/>
    <property name="line.separator" value="&#10;"/>
    <property name="java.vm.specification.vendor" value="Oracle Corporation"/>
    <property name="java.specification.name" value="Java Platform API Specification"/>
    <property name="surefire.real.class.path" value="C:\Users\Usuario\AppData\Local\Temp\surefire17954016106666563368\surefirebooter-20241230191908398_3.jar"/>
    <property name="user.script" value=""/>
    <property name="sun.management.compiler" value="HotSpot 64-Bit Tiered Compilers"/>
    <property name="java.runtime.version" value="21.0.3+9-LTS"/>
    <property name="user.name" value="Usuario"/>
    <property name="stdout.encoding" value="Cp1252"/>
    <property name="path.separator" value=";"/>
    <property name="os.version" value="10.0"/>
    <property name="java.runtime.name" value="OpenJDK Runtime Environment"/>
    <property name="file.encoding" value="UTF-8"/>
    <property name="java.vm.name" value="OpenJDK 64-Bit Server VM"/>
    <property name="java.vendor.version" value="Temurin-21.0.3+9"/>
    <property name="localRepository" value="C:\Users\Usuario\.m2\repository"/>
    <property name="java.vendor.url.bug" value="https://github.com/adoptium/adoptium-support/issues"/>
    <property name="java.io.tmpdir" value="C:\Users\Usuario\AppData\Local\Temp\"/>
    <property name="java.version" value="21.0.3"/>
    <property name="user.dir" value="c:\Users\Usuario\Documents\Code\Java\23-Mockito\java-mockito"/>
    <property name="os.arch" value="amd64"/>
    <property name="java.vm.specification.name" value="Java Virtual Machine Specification"/>
    <property name="sun.os.patch.level" value=""/>
    <property name="native.encoding" value="Cp1252"/>
    <property name="java.library.path" value="C:\Program Files\Java\jdk-21.0.3\bin;C:\Windows\Sun\Java\bin;C:\Windows\system32;C:\Windows;C:\Users\Usuario\bin;C:\Users\Usuario\AppData\Local\Programs\Git\mingw64\bin;C:\Users\Usuario\AppData\Local\Programs\Git\usr\local\bin;C:\Users\Usuario\AppData\Local\Programs\Git\usr\bin;C:\Users\Usuario\AppData\Local\Programs\Git\usr\bin;C:\Users\Usuario\AppData\Local\Programs\Git\mingw64\bin;C:\Users\Usuario\AppData\Local\Programs\Git\usr\bin;C:\Users\Usuario\bin;C:\Program Files\Java\jdk-21.0.3\bin;C:\maven\bin;C:\Python312\Scripts;C:\Python312;C:\Program Files\Common Files\Oracle\Java\javapath;C:\Program Files (x86)\Common Files\Oracle\Java\javapath;C:\Windows\system32;C:\Windows;C:\Windows\System32\Wbem;C:\Windows\System32\WindowsPowerShell\v1.0;C:\Windows\System32\OpenSSH;C:\Program Files\Microsoft SQL Server\150\Tools\Binn;C:\Program Files\Microsoft SQL Server\Client SDK\ODBC\170\Tools\Binn;C:\ProgramData\chocolatey\bin;C:\Program Files\CodeBlocks\MinGW\bin;C:\Program Files\MySQL\MySQL Server 8.0\bin;C:\Program Files\Apache Software Foundation\Tomcat 10.0\bin;C:\Program Files\dotnet;C:\maven\bin;C:\Program Files\Docker\Docker\resources\bin;C:\Program Files\CMake\bin;C:\tools\php83;C:\Program Files (x86)\Windows Kits\10\Windows Performance Toolkit;C:\Program Files (x86)\Microsoft SQL Server\160\Tools\Binn;C:\Program Files\Microsoft SQL Server\160\Tools\Binn;C:\Program Files\Microsoft SQL Server\160\DTS\Binn;C:\Program Files (x86)\Microsoft SQL Server\160\DTS\Binn;C:\Program Files\sqlite;C:\Program Files\nodejs;C:\Users\Usuario\.console-ninja\.bin;C:\Program Files\Java\jdk-21.0.3\bin;C:\Users\Usuario\AppData\Local\Microsoft\WindowsApps;C:\Users\Usuario\AppData\Local\Programs\Microsoft VS Code\bin;C:\Users\Usuario\AppData\Local\Android\Sdk;C:\Users\Usuario\AppData\Local\Android\Sdk\platform-tools;C:\Users\Usuario\AppData\Local\Programs\Git\cmd;C:\Users\Usuario\AppData\Roaming\npm;C:\Program Files\Java\jdk-21.0.3\bin;C:\Users\Usuario\.dotnet\tools;C:\Users\Usuario\AppData\Local\Programs\Git\usr\bin\vendor_perl;C:\Users\Usuario\AppData\Local\Programs\Git\usr\bin\core_perl;."/>
    <property name="java.vm.info" value="mixed mode, sharing"/>
    <property name="stderr.encoding" value="Cp1252"/>
    <property name="java.vendor" value="Eclipse Adoptium"/>
    <property name="java.vm.version" value="21.0.3+9-LTS"/>
    <property name="sun.io.unicode.encoding" value="UnicodeLittle"/>
    <property name="java.class.version" value="65.0"/>
  </properties>
  <testcase name="testDeleteByIdVoid" classname="com.treizer.service.implementation.PlayerServiceTest" time="0.247"/>
  <testcase name="testSaveVoid" classname="com.treizer.service.implementation.PlayerServiceTest" time="0.015"/>
  <testcase name="testFindAll" classname="com.treizer.service.implementation.PlayerServiceTest" time="0.032">
    <system-out><![CDATA[ -> Obteniendo Listado Player / Mock
]]></system-out>
  </testcase>
  <testcase name="testSave" classname="com.treizer.service.implementation.PlayerServiceTest" time="0.015"/>
  <testcase name="testDeleteByIdError" classname="com.treizer.service.implementation.PlayerServiceTest" time="0.035"/>
  <testcase name="testUpdateErrorWithId" classname="com.treizer.service.implementation.PlayerServiceTest" time="0.024"/>
  <testcase name="testFindById" classname="com.treizer.service.implementation.PlayerServiceTest" time="0.016"/>
  <testcase name="testUpdateErrorWithoutId" classname="com.treizer.service.implementation.PlayerServiceTest" time="0.008"/>
  <testcase name="testUpdateWithId" classname="com.treizer.service.implementation.PlayerServiceTest" time="0.016"/>
  <testcase name="testFindByIdError" classname="com.treizer.service.implementation.PlayerServiceTest" time="0.0"/>
  <testcase name="testSaveError" classname="com.treizer.service.implementation.PlayerServiceTest" time="0.062"/>
  <testcase name="testDeleteById" classname="com.treizer.service.implementation.PlayerServiceTest" time="0.0"/>
  <testcase name="testUpdateWithoutId" classname="com.treizer.service.implementation.PlayerServiceTest" time="0.0"/>
</testsuite>